<?xml version="1.0" encoding="UTF-8"?>
<testng-results ignored="0" total="3" passed="3" failed="0" skipped="0">
  <reporter-output>
    <line>
      <![CDATA[msg]]>
    </line>
    <line>
      <![CDATA[chatting]]>
    </line>
    <line>
      <![CDATA[hello java]]>
    </line>
  </reporter-output>
  <suite started-at="2022-09-12T15:20:43 IST" name="Default suite" finished-at="2022-09-12T15:20:44 IST" duration-ms="135">
    <groups>
    </groups>
    <test started-at="2022-09-12T15:20:43 IST" name="Default test" finished-at="2022-09-12T15:20:44 IST" duration-ms="135">
      <class name="testng.Test1">
        <test-method signature="meassages()[pri:-1, instance:testng.Test1@7bdf6bb7]" started-at="2022-09-12T15:20:44 IST" name="meassages" finished-at="2022-09-12T15:20:44 IST" duration-ms="22" status="PASS">
          <reporter-output>
            <line>
              <![CDATA[msg]]>
            </line>
          </reporter-output>
        </test-method> <!-- meassages -->
        <test-method signature="chats()[pri:0, instance:testng.Test1@7bdf6bb7]" started-at="2022-09-12T15:20:44 IST" name="chats" finished-at="2022-09-12T15:20:44 IST" duration-ms="3" status="PASS">
          <reporter-output>
            <line>
              <![CDATA[chatting]]>
            </line>
          </reporter-output>
        </test-method> <!-- chats -->
        <test-method signature="demo()[pri:1, instance:testng.Test1@7bdf6bb7]" started-at="2022-09-12T15:20:44 IST" name="demo" finished-at="2022-09-12T15:20:44 IST" duration-ms="10" status="PASS">
          <reporter-output>
            <line>
              <![CDATA[hello java]]>
            </line>
          </reporter-output>
        </test-method> <!-- demo -->
      </class> <!-- testng.Test1 -->
    </test> <!-- Default test -->
  </suite> <!-- Default suite -->
</testng-results>
